# JRE version: OpenJDK Runtime Environment (8.0_242-b01) (build 1.8.0_242-release-1644-b01)
# Java VM: OpenJDK 64-Bit Server VM (25.242-b01 mixed mode windows-amd64 compressed oops)
Heap:
 PSYoungGen      total 421376K, used 18507K [0x00000000e0000000, 0x0000000100000000, 0x0000000100000000)
  eden space 360448K, 5% used [0x00000000e0000000,0x00000000e1212de8,0x00000000f6000000)
  from space 60928K, 0% used [0x00000000fc480000,0x00000000fc480000,0x0000000100000000)
  to   space 81920K, 0% used [0x00000000f6000000,0x00000000f6000000,0x00000000fb000000)
 ParOldGen       total 282112K, used 103177K [0x00000000a0000000, 0x00000000b1380000, 0x00000000e0000000)
  object space 282112K, 36% used [0x00000000a0000000,0x00000000a64c2740,0x00000000b1380000)
 Metaspace       used 94093K, capacity 98416K, committed 99176K, reserved 1134592K
  class space    used 12487K, capacity 13420K, committed 13568K, reserved 1048576K
GC Heap History (10 events):
Event: 46.422 GC heap before
{Heap before GC invocations=14 (full 3):
 PSYoungGen      total 420864K, used 417027K [0x00000000e0000000, 0x00000000ffc00000, 0x0000000100000000)
  eden space 378368K, 100% used [0x00000000e0000000,0x00000000f7180000,0x00000000f7180000)
  from space 42496K, 90% used [0x00000000fa000000,0x00000000fc5c0c90,0x00000000fc980000)
  to   space 47616K, 0% used [0x00000000f7180000,0x00000000f7180000,0x00000000fa000000)
 ParOldGen       total 282112K, used 54110K [0x00000000a0000000, 0x00000000b1380000, 0x00000000e0000000)
  object space 282112K, 19% used [0x00000000a0000000,0x00000000a34d7948,0x00000000b1380000)
 Metaspace       used 84591K, capacity 88828K, committed 89048K, reserved 1126400K
  class space    used 11335K, capacity 12210K, committed 12288K, reserved 1048576K
Event: 46.463 GC heap after
Heap after GC invocations=14 (full 3):
 PSYoungGen      total 425984K, used 44728K [0x00000000e0000000, 0x0000000100000000, 0x0000000100000000)
  eden space 378368K, 0% used [0x00000000e0000000,0x00000000e0000000,0x00000000f7180000)
  from space 47616K, 93% used [0x00000000f7180000,0x00000000f9d2e050,0x00000000fa000000)
  to   space 53760K, 0% used [0x00000000fcb80000,0x00000000fcb80000,0x0000000100000000)
 ParOldGen       total 282112K, used 54118K [0x00000000a0000000, 0x00000000b1380000, 0x00000000e0000000)
  object space 282112K, 19% used [0x00000000a0000000,0x00000000a34d9948,0x00000000b1380000)
 Metaspace       used 84591K, capacity 88828K, committed 89048K, reserved 1126400K
  class space    used 11335K, capacity 12210K, committed 12288K, reserved 1048576K
}
Event: 48.003 GC heap before
{Heap before GC invocations=15 (full 3):
 PSYoungGen      total 425984K, used 423096K [0x00000000e0000000, 0x0000000100000000, 0x0000000100000000)
  eden space 378368K, 100% used [0x00000000e0000000,0x00000000f7180000,0x00000000f7180000)
  from space 47616K, 93% used [0x00000000f7180000,0x00000000f9d2e050,0x00000000fa000000)
  to   space 53760K, 0% used [0x00000000fcb80000,0x00000000fcb80000,0x0000000100000000)
 ParOldGen       total 282112K, used 54118K [0x00000000a0000000, 0x00000000b1380000, 0x00000000e0000000)
  object space 282112K, 19% used [0x00000000a0000000,0x00000000a34d9948,0x00000000b1380000)
 Metaspace       used 89129K, capacity 93484K, committed 93656K, reserved 1130496K
  class space    used 11880K, capacity 12736K, committed 12800K, reserved 1048576K
Event: 48.054 GC heap after
Heap after GC invocations=15 (full 3):
 PSYoungGen      total 459264K, used 46546K [0x00000000e0000000, 0x0000000100000000, 0x0000000100000000)
  eden space 405504K, 0% used [0x00000000e0000000,0x00000000e0000000,0x00000000f8c00000)
  from space 53760K, 86% used [0x00000000fcb80000,0x00000000ff8f4a98,0x0000000100000000)
  to   space 59392K, 0% used [0x00000000f8c00000,0x00000000f8c00000,0x00000000fc600000)
 ParOldGen       total 282112K, used 54126K [0x00000000a0000000, 0x00000000b1380000, 0x00000000e0000000)
  object space 282112K, 19% used [0x00000000a0000000,0x00000000a34db948,0x00000000b1380000)
 Metaspace       used 89129K, capacity 93484K, committed 93656K, reserved 1130496K
  class space    used 11880K, capacity 12736K, committed 12800K, reserved 1048576K
}
Event: 51.865 GC heap before
{Heap before GC invocations=16 (full 3):
 PSYoungGen      total 459264K, used 452050K [0x00000000e0000000, 0x0000000100000000, 0x0000000100000000)
  eden space 405504K, 100% used [0x00000000e0000000,0x00000000f8c00000,0x00000000f8c00000)
  from space 53760K, 86% used [0x00000000fcb80000,0x00000000ff8f4a98,0x0000000100000000)
  to   space 59392K, 0% used [0x00000000f8c00000,0x00000000f8c00000,0x00000000fc600000)
 ParOldGen       total 282112K, used 54126K [0x00000000a0000000, 0x00000000b1380000, 0x00000000e0000000)
  object space 282112K, 19% used [0x00000000a0000000,0x00000000a34db948,0x00000000b1380000)
 Metaspace       used 91169K, capacity 95906K, committed 95960K, reserved 1132544K
  class space    used 12094K, capacity 13051K, committed 13056K, reserved 1048576K
Event: 51.908 GC heap after
Heap after GC invocations=16 (full 3):
 PSYoungGen      total 463360K, used 57739K [0x00000000e0000000, 0x0000000100000000, 0x0000000100000000)
  eden space 405504K, 0% used [0x00000000e0000000,0x00000000e0000000,0x00000000f8c00000)
  from space 57856K, 99% used [0x00000000f8c00000,0x00000000fc462e68,0x00000000fc480000)
  to   space 60928K, 0% used [0x00000000fc480000,0x00000000fc480000,0x0000000100000000)
 ParOldGen       total 282112K, used 54134K [0x00000000a0000000, 0x00000000b1380000, 0x00000000e0000000)
  object space 282112K, 19% used [0x00000000a0000000,0x00000000a34dd948,0x00000000b1380000)
 Metaspace       used 91169K, capacity 95906K, committed 95960K, reserved 1132544K
  class space    used 12094K, capacity 13051K, committed 13056K, reserved 1048576K
}
Event: 54.368 GC heap before
{Heap before GC invocations=17 (full 3):
 PSYoungGen      total 463360K, used 393459K [0x00000000e0000000, 0x0000000100000000, 0x0000000100000000)
  eden space 405504K, 82% used [0x00000000e0000000,0x00000000f47d9ec8,0x00000000f8c00000)
  from space 57856K, 99% used [0x00000000f8c00000,0x00000000fc462e68,0x00000000fc480000)
  to   space 60928K, 0% used [0x00000000fc480000,0x00000000fc480000,0x0000000100000000)
 ParOldGen       total 282112K, used 54134K [0x00000000a0000000, 0x00000000b1380000, 0x00000000e0000000)
  object space 282112K, 19% used [0x00000000a0000000,0x00000000a34dd948,0x00000000b1380000)
 Metaspace       used 93366K, capacity 98168K, committed 98280K, reserved 1134592K
  class space    used 12389K, capacity 13358K, committed 13440K, reserved 1048576K
Event: 54.433 GC heap after
Heap after GC invocations=17 (full 3):
 PSYoungGen      total 421376K, used 60923K [0x00000000e0000000, 0x0000000100000000, 0x0000000100000000)
  eden space 360448K, 0% used [0x00000000e0000000,0x00000000e0000000,0x00000000f6000000)
  from space 60928K, 99% used [0x00000000fc480000,0x00000000ffffecf0,0x0000000100000000)
  to   space 81920K, 0% used [0x00000000f6000000,0x00000000f6000000,0x00000000fb000000)
 ParOldGen       total 282112K, used 70689K [0x00000000a0000000, 0x00000000b1380000, 0x00000000e0000000)
  object space 282112K, 25% used [0x00000000a0000000,0x00000000a4508780,0x00000000b1380000)
 Metaspace       used 93366K, capacity 98168K, committed 98280K, reserved 1134592K
  class space    used 12389K, capacity 13358K, committed 13440K, reserved 1048576K
}
Event: 54.433 GC heap before
{Heap before GC invocations=18 (full 4):
 PSYoungGen      total 421376K, used 60923K [0x00000000e0000000, 0x0000000100000000, 0x0000000100000000)
  eden space 360448K, 0% used [0x00000000e0000000,0x00000000e0000000,0x00000000f6000000)
  from space 60928K, 99% used [0x00000000fc480000,0x00000000ffffecf0,0x0000000100000000)
  to   space 81920K, 0% used [0x00000000f6000000,0x00000000f6000000,0x00000000fb000000)
 ParOldGen       total 282112K, used 70689K [0x00000000a0000000, 0x00000000b1380000, 0x00000000e0000000)
  object space 282112K, 25% used [0x00000000a0000000,0x00000000a4508780,0x00000000b1380000)
 Metaspace       used 93366K, capacity 98168K, committed 98280K, reserved 1134592K
  class space    used 12389K, capacity 13358K, committed 13440K, reserved 1048576K
Event: 54.648 GC heap after
Heap after GC invocations=18 (full 4):
 PSYoungGen      total 421376K, used 0K [0x00000000e0000000, 0x0000000100000000, 0x0000000100000000)
  eden space 360448K, 0% used [0x00000000e0000000,0x00000000e0000000,0x00000000f6000000)
  from space 60928K, 0% used [0x00000000fc480000,0x00000000fc480000,0x0000000100000000)
  to   space 81920K, 0% used [0x00000000f6000000,0x00000000f6000000,0x00000000fb000000)
 ParOldGen       total 282112K, used 103177K [0x00000000a0000000, 0x00000000b1380000, 0x00000000e0000000)
  object space 282112K, 36% used [0x00000000a0000000,0x00000000a64c2740,0x00000000b1380000)
 Metaspace       used 93011K, capacity 97176K, committed 98280K, reserved 1134592K
  class space    used 12273K, capacity 13158K, committed 13440K, reserved 1048576K
}

