# JRE version: OpenJDK Runtime Environment (8.0_242-b01) (build 1.8.0_242-release-1644-b01)
# Java VM: OpenJDK 64-Bit Server VM (25.242-b01 mixed mode windows-amd64 compressed oops)
Heap:
 PSYoungGen      total 475648K, used 308543K [0x00000000e0000000, 0x0000000100000000, 0x0000000100000000)
  eden space 431104K, 64% used [0x00000000e0000000,0x00000000f0dbcea8,0x00000000fa500000)
  from space 44544K, 72% used [0x00000000fd480000,0x00000000ff413078,0x0000000100000000)
  to   space 46592K, 0% used [0x00000000fa500000,0x00000000fa500000,0x00000000fd280000)
 ParOldGen       total 356352K, used 89872K [0x00000000a0000000, 0x00000000b5c00000, 0x00000000e0000000)
  object space 356352K, 25% used [0x00000000a0000000,0x00000000a57c42a8,0x00000000b5c00000)
 Metaspace       used 115435K, capacity 122334K, committed 122516K, reserved 1155072K
  class space    used 14743K, capacity 16290K, committed 16316K, reserved 1048576K
GC Heap History (10 events):
Event: 122.544 GC heap before
{Heap before GC invocations=14 (full 3):
 PSYoungGen      total 393216K, used 298372K [0x00000000e0000000, 0x00000000fbe00000, 0x0000000100000000)
  eden space 359936K, 73% used [0x00000000e0000000,0x00000000f02e5360,0x00000000f5f80000)
  from space 33280K, 99% used [0x00000000f8880000,0x00000000fa8fbcc0,0x00000000fa900000)
  to   space 41984K, 0% used [0x00000000f5f80000,0x00000000f5f80000,0x00000000f8880000)
 ParOldGen       total 230400K, used 60637K [0x00000000a0000000, 0x00000000ae100000, 0x00000000e0000000)
  object space 230400K, 26% used [0x00000000a0000000,0x00000000a3b37660,0x00000000ae100000)
 Metaspace       used 93429K, capacity 98316K, committed 98380K, reserved 1134592K
  class space    used 12443K, capacity 13494K, committed 13500K, reserved 1048576K
Event: 122.585 GC heap after
Heap after GC invocations=14 (full 3):
 PSYoungGen      total 401920K, used 25961K [0x00000000e0000000, 0x00000000ff080000, 0x0000000100000000)
  eden space 359936K, 0% used [0x00000000e0000000,0x00000000e0000000,0x00000000f5f80000)
  from space 41984K, 61% used [0x00000000f5f80000,0x00000000f78da4a8,0x00000000f8880000)
  to   space 42496K, 0% used [0x00000000fc700000,0x00000000fc700000,0x00000000ff080000)
 ParOldGen       total 230400K, used 90160K [0x00000000a0000000, 0x00000000ae100000, 0x00000000e0000000)
  object space 230400K, 39% used [0x00000000a0000000,0x00000000a580c168,0x00000000ae100000)
 Metaspace       used 93429K, capacity 98316K, committed 98380K, reserved 1134592K
  class space    used 12443K, capacity 13494K, committed 13500K, reserved 1048576K
}
Event: 122.585 GC heap before
{Heap before GC invocations=15 (full 4):
 PSYoungGen      total 401920K, used 25961K [0x00000000e0000000, 0x00000000ff080000, 0x0000000100000000)
  eden space 359936K, 0% used [0x00000000e0000000,0x00000000e0000000,0x00000000f5f80000)
  from space 41984K, 61% used [0x00000000f5f80000,0x00000000f78da4a8,0x00000000f8880000)
  to   space 42496K, 0% used [0x00000000fc700000,0x00000000fc700000,0x00000000ff080000)
 ParOldGen       total 230400K, used 90160K [0x00000000a0000000, 0x00000000ae100000, 0x00000000e0000000)
  object space 230400K, 39% used [0x00000000a0000000,0x00000000a580c168,0x00000000ae100000)
 Metaspace       used 93429K, capacity 98316K, committed 98380K, reserved 1134592K
  class space    used 12443K, capacity 13494K, committed 13500K, reserved 1048576K
Event: 122.805 GC heap after
Heap after GC invocations=15 (full 4):
 PSYoungGen      total 401920K, used 0K [0x00000000e0000000, 0x00000000ff080000, 0x0000000100000000)
  eden space 359936K, 0% used [0x00000000e0000000,0x00000000e0000000,0x00000000f5f80000)
  from space 41984K, 0% used [0x00000000f5f80000,0x00000000f5f80000,0x00000000f8880000)
  to   space 42496K, 0% used [0x00000000fc700000,0x00000000fc700000,0x00000000ff080000)
 ParOldGen       total 356352K, used 89848K [0x00000000a0000000, 0x00000000b5c00000, 0x00000000e0000000)
  object space 356352K, 25% used [0x00000000a0000000,0x00000000a57be2a8,0x00000000b5c00000)
 Metaspace       used 93250K, capacity 97786K, committed 98380K, reserved 1134592K
  class space    used 12387K, capacity 13393K, committed 13500K, reserved 1048576K
}
Event: 289.172 GC heap before
{Heap before GC invocations=16 (full 4):
 PSYoungGen      total 401920K, used 359936K [0x00000000e0000000, 0x00000000ff080000, 0x0000000100000000)
  eden space 359936K, 100% used [0x00000000e0000000,0x00000000f5f80000,0x00000000f5f80000)
  from space 41984K, 0% used [0x00000000f5f80000,0x00000000f5f80000,0x00000000f8880000)
  to   space 42496K, 0% used [0x00000000fc700000,0x00000000fc700000,0x00000000ff080000)
 ParOldGen       total 356352K, used 89848K [0x00000000a0000000, 0x00000000b5c00000, 0x00000000e0000000)
  object space 356352K, 25% used [0x00000000a0000000,0x00000000a57be2a8,0x00000000b5c00000)
 Metaspace       used 97565K, capacity 102456K, committed 102804K, reserved 1138688K
  class space    used 12793K, capacity 13883K, committed 14012K, reserved 1048576K
Event: 289.178 GC heap after
Heap after GC invocations=16 (full 4):
 PSYoungGen      total 463872K, used 6451K [0x00000000e0000000, 0x00000000fef80000, 0x0000000100000000)
  eden space 422400K, 0% used [0x00000000e0000000,0x00000000e0000000,0x00000000f9c80000)
  from space 41472K, 15% used [0x00000000fc700000,0x00000000fcd4cc18,0x00000000fef80000)
  to   space 42496K, 0% used [0x00000000f9c80000,0x00000000f9c80000,0x00000000fc600000)
 ParOldGen       total 356352K, used 89856K [0x00000000a0000000, 0x00000000b5c00000, 0x00000000e0000000)
  object space 356352K, 25% used [0x00000000a0000000,0x00000000a57c02a8,0x00000000b5c00000)
 Metaspace       used 97565K, capacity 102456K, committed 102804K, reserved 1138688K
  class space    used 12793K, capacity 13883K, committed 14012K, reserved 1048576K
}
Event: 297.678 GC heap before
{Heap before GC invocations=17 (full 4):
 PSYoungGen      total 463872K, used 428851K [0x00000000e0000000, 0x00000000fef80000, 0x0000000100000000)
  eden space 422400K, 100% used [0x00000000e0000000,0x00000000f9c80000,0x00000000f9c80000)
  from space 41472K, 15% used [0x00000000fc700000,0x00000000fcd4cc18,0x00000000fef80000)
  to   space 42496K, 0% used [0x00000000f9c80000,0x00000000f9c80000,0x00000000fc600000)
 ParOldGen       total 356352K, used 89856K [0x00000000a0000000, 0x00000000b5c00000, 0x00000000e0000000)
  object space 356352K, 25% used [0x00000000a0000000,0x00000000a57c02a8,0x00000000b5c00000)
 Metaspace       used 100100K, capacity 105438K, committed 105620K, reserved 1140736K
  class space    used 13035K, capacity 14203K, committed 14268K, reserved 1048576K
Event: 297.701 GC heap after
Heap after GC invocations=17 (full 4):
 PSYoungGen      total 464896K, used 29907K [0x00000000e0000000, 0x0000000100000000, 0x0000000100000000)
  eden space 422400K, 0% used [0x00000000e0000000,0x00000000e0000000,0x00000000f9c80000)
  from space 42496K, 70% used [0x00000000f9c80000,0x00000000fb9b4c60,0x00000000fc600000)
  to   space 44544K, 0% used [0x00000000fd480000,0x00000000fd480000,0x0000000100000000)
 ParOldGen       total 356352K, used 89864K [0x00000000a0000000, 0x00000000b5c00000, 0x00000000e0000000)
  object space 356352K, 25% used [0x00000000a0000000,0x00000000a57c22a8,0x00000000b5c00000)
 Metaspace       used 100100K, capacity 105438K, committed 105620K, reserved 1140736K
  class space    used 13035K, capacity 14203K, committed 14268K, reserved 1048576K
}
Event: 354.418 GC heap before
{Heap before GC invocations=18 (full 4):
 PSYoungGen      total 464896K, used 452307K [0x00000000e0000000, 0x0000000100000000, 0x0000000100000000)
  eden space 422400K, 100% used [0x00000000e0000000,0x00000000f9c80000,0x00000000f9c80000)
  from space 42496K, 70% used [0x00000000f9c80000,0x00000000fb9b4c60,0x00000000fc600000)
  to   space 44544K, 0% used [0x00000000fd480000,0x00000000fd480000,0x0000000100000000)
 ParOldGen       total 356352K, used 89864K [0x00000000a0000000, 0x00000000b5c00000, 0x00000000e0000000)
  object space 356352K, 25% used [0x00000000a0000000,0x00000000a57c22a8,0x00000000b5c00000)
 Metaspace       used 101504K, capacity 107452K, committed 107668K, reserved 1142784K
  class space    used 13160K, capacity 14451K, committed 14524K, reserved 1048576K
Event: 354.449 GC heap after
Heap after GC invocations=18 (full 4):
 PSYoungGen      total 475648K, used 32332K [0x00000000e0000000, 0x0000000100000000, 0x0000000100000000)
  eden space 431104K, 0% used [0x00000000e0000000,0x00000000e0000000,0x00000000fa500000)
  from space 44544K, 72% used [0x00000000fd480000,0x00000000ff413078,0x0000000100000000)
  to   space 46592K, 0% used [0x00000000fa500000,0x00000000fa500000,0x00000000fd280000)
 ParOldGen       total 356352K, used 89872K [0x00000000a0000000, 0x00000000b5c00000, 0x00000000e0000000)
  object space 356352K, 25% used [0x00000000a0000000,0x00000000a57c42a8,0x00000000b5c00000)
 Metaspace       used 101504K, capacity 107452K, committed 107668K, reserved 1142784K
  class space    used 13160K, capacity 14451K, committed 14524K, reserved 1048576K
}

